<?xml version="1.0" encoding="UTF-8"?>
<testng-results ignored="0" total="1" passed="1" failed="0" skipped="0">
  <reporter-output>
  </reporter-output>
  <suite started-at="2024-04-16T08:43:23 IST" name="Suite" finished-at="2024-04-16T08:43:53 IST" duration-ms="30498">
    <groups>
    </groups>
    <test started-at="2024-04-16T08:43:23 IST" name="Test" finished-at="2024-04-16T08:43:53 IST" duration-ms="30498">
      <class name="com.shoppersStack_testScripts.Verify_user_is_able_to_delete_address_Test">
        <test-method is-config="true" signature="bs()[pri:0, instance:com.shoppersStack_testScripts.Verify_user_is_able_to_delete_address_Test@28701274]" started-at="2024-04-16T08:43:23 IST" name="bs" finished-at="2024-04-16T08:43:23 IST" duration-ms="18" status="PASS">
          <reporter-output>
          </reporter-output>
        </test-method> <!-- bs -->
        <test-method is-config="true" signature="bt()[pri:0, instance:com.shoppersStack_testScripts.Verify_user_is_able_to_delete_address_Test@28701274]" started-at="2024-04-16T08:43:23 IST" name="bt" finished-at="2024-04-16T08:43:23 IST" duration-ms="0" status="PASS">
          <reporter-output>
          </reporter-output>
        </test-method> <!-- bt -->
        <test-method is-config="true" signature="bc()[pri:0, instance:com.shoppersStack_testScripts.Verify_user_is_able_to_delete_address_Test@28701274]" started-at="2024-04-16T08:43:23 IST" name="bc" finished-at="2024-04-16T08:43:27 IST" duration-ms="4781" status="PASS">
          <reporter-output>
          </reporter-output>
        </test-method> <!-- bc -->
        <test-method is-config="true" signature="bm()[pri:0, instance:com.shoppersStack_testScripts.Verify_user_is_able_to_delete_address_Test@28701274]" started-at="2024-04-16T08:43:27 IST" name="bm" finished-at="2024-04-16T08:43:41 IST" duration-ms="13501" status="PASS">
          <reporter-output>
          </reporter-output>
        </test-method> <!-- bm -->
        <test-method signature="deleteAddress()[pri:0, instance:com.shoppersStack_testScripts.Verify_user_is_able_to_delete_address_Test@28701274]" started-at="2024-04-16T08:43:41 IST" name="deleteAddress" finished-at="2024-04-16T08:43:50 IST" duration-ms="8576" status="PASS">
          <reporter-output>
          </reporter-output>
        </test-method> <!-- deleteAddress -->
        <test-method is-config="true" signature="am()[pri:0, instance:com.shoppersStack_testScripts.Verify_user_is_able_to_delete_address_Test@28701274]" started-at="2024-04-16T08:43:50 IST" name="am" finished-at="2024-04-16T08:43:50 IST" duration-ms="242" status="PASS">
          <reporter-output>
          </reporter-output>
        </test-method> <!-- am -->
        <test-method is-config="true" signature="ac()[pri:0, instance:com.shoppersStack_testScripts.Verify_user_is_able_to_delete_address_Test@28701274]" started-at="2024-04-16T08:43:50 IST" name="ac" finished-at="2024-04-16T08:43:53 IST" duration-ms="3355" status="PASS">
          <reporter-output>
          </reporter-output>
        </test-method> <!-- ac -->
        <test-method is-config="true" signature="at()[pri:0, instance:com.shoppersStack_testScripts.Verify_user_is_able_to_delete_address_Test@28701274]" started-at="2024-04-16T08:43:53 IST" name="at" finished-at="2024-04-16T08:43:53 IST" duration-ms="0" status="PASS">
          <reporter-output>
          </reporter-output>
        </test-method> <!-- at -->
        <test-method is-config="true" signature="as()[pri:0, instance:com.shoppersStack_testScripts.Verify_user_is_able_to_delete_address_Test@28701274]" started-at="2024-04-16T08:43:53 IST" name="as" finished-at="2024-04-16T08:43:53 IST" duration-ms="0" status="PASS">
          <reporter-output>
          </reporter-output>
        </test-method> <!-- as -->
      </class> <!-- com.shoppersStack_testScripts.Verify_user_is_able_to_delete_address_Test -->
    </test> <!-- Test -->
  </suite> <!-- Suite -->
</testng-results>
