<?xml version="1.0" encoding="UTF-8"?>
<!-- Generated by org.testng.reporters.JUnitXMLReporter -->
<testsuite ignored="4" hostname="DESKTOP-AB6BR8M" failures="0" tests="2" name="Surefire test" time="45.058" errors="0" timestamp="2024-04-16T09:45:16 IST">
  <testcase classname="com.shoppersStack_testScripts.Verify_User_is_able_to_add_address_Test" name="addAddress" time="5.846"/>
  <testcase classname="com.shoppersStack_testScripts.Verify_user_is_able_to_delete_address_Test" name="deleteAddress" time="8.755"/>
  <testcase classname="com.shoppersStack.genericUtility.BaseTest" name="@BeforeSuite bs" time="0.0">
    <ignored/>
  </testcase> <!-- @BeforeSuite bs -->
  <testcase classname="com.shoppersStack.genericUtility.BaseTest" name="@AfterTest at" time="0.0">
    <ignored/>
  </testcase> <!-- @AfterTest at -->
  <testcase classname="com.shoppersStack.genericUtility.BaseTest" name="@BeforeTest bt" time="0.0">
    <ignored/>
  </testcase> <!-- @BeforeTest bt -->
  <testcase classname="com.shoppersStack.genericUtility.BaseTest" name="@AfterSuite as" time="0.0">
    <ignored/>
  </testcase> <!-- @AfterSuite as -->
</testsuite> <!-- Surefire test -->
